# JRE version: Java(TM) SE Runtime Environment (8.0_201-b09) (build 1.8.0_201-b09)
# Java VM: Java HotSpot(TM) 64-Bit Server VM (25.201-b09 mixed mode windows-amd64 compressed oops)
Heap:
 PSYoungGen      total 207872K, used 26378K [0x00000000d6000000, 0x00000000e5e80000, 0x0000000100000000)
  eden space 188928K, 3% used [0x00000000d6000000,0x00000000d6748770,0x00000000e1880000)
  from space 18944K, 99% used [0x00000000e4c00000,0x00000000e5e7a390,0x00000000e5e80000)
  to   space 32768K, 0% used [0x00000000e1e80000,0x00000000e1e80000,0x00000000e3e80000)
 ParOldGen       total 99328K, used 44692K [0x0000000082000000, 0x0000000088100000, 0x00000000d6000000)
  object space 99328K, 44% used [0x0000000082000000,0x0000000084ba5368,0x0000000088100000)
 Metaspace       used 23690K, capacity 24626K, committed 24704K, reserved 1071104K
  class space    used 2941K, capacity 3165K, committed 3200K, reserved 1048576K
GC Heap History (10 events):
Event: 13.905 GC heap before
{Heap before GC invocations=9 (full 0):
 PSYoungGen      total 140288K, used 140287K [0x00000000d6000000, 0x00000000df600000, 0x0000000100000000)
  eden space 130048K, 100% used [0x00000000d6000000,0x00000000ddf00000,0x00000000ddf00000)
  from space 10240K, 99% used [0x00000000dea00000,0x00000000df3ffda0,0x00000000df400000)
  to   space 11264K, 0% used [0x00000000ddf00000,0x00000000ddf00000,0x00000000dea00000)
 ParOldGen       total 86016K, used 48321K [0x0000000082000000, 0x0000000087400000, 0x00000000d6000000)
  object space 86016K, 56% used [0x0000000082000000,0x0000000084f304e0,0x0000000087400000)
 Metaspace       used 20157K, capacity 20802K, committed 21120K, reserved 1067008K
  class space    used 2457K, capacity 2623K, committed 2688K, reserved 1048576K
Event: 13.936 GC heap after
Heap after GC invocations=9 (full 0):
 PSYoungGen      total 141312K, used 11239K [0x00000000d6000000, 0x00000000e6c80000, 0x0000000100000000)
  eden space 130048K, 0% used [0x00000000d6000000,0x00000000d6000000,0x00000000ddf00000)
  from space 11264K, 99% used [0x00000000ddf00000,0x00000000de9f9d38,0x00000000dea00000)
  to   space 33280K, 0% used [0x00000000e4c00000,0x00000000e4c00000,0x00000000e6c80000)
 ParOldGen       total 86016K, used 66850K [0x0000000082000000, 0x0000000087400000, 0x00000000d6000000)
  object space 86016K, 77% used [0x0000000082000000,0x0000000086148928,0x0000000087400000)
 Metaspace       used 20157K, capacity 20802K, committed 21120K, reserved 1067008K
  class space    used 2457K, capacity 2623K, committed 2688K, reserved 1048576K
}
Event: 13.936 GC heap before
{Heap before GC invocations=10 (full 1):
 PSYoungGen      total 141312K, used 11239K [0x00000000d6000000, 0x00000000e6c80000, 0x0000000100000000)
  eden space 130048K, 0% used [0x00000000d6000000,0x00000000d6000000,0x00000000ddf00000)
  from space 11264K, 99% used [0x00000000ddf00000,0x00000000de9f9d38,0x00000000dea00000)
  to   space 33280K, 0% used [0x00000000e4c00000,0x00000000e4c00000,0x00000000e6c80000)
 ParOldGen       total 86016K, used 66850K [0x0000000082000000, 0x0000000087400000, 0x00000000d6000000)
  object space 86016K, 77% used [0x0000000082000000,0x0000000086148928,0x0000000087400000)
 Metaspace       used 20157K, capacity 20802K, committed 21120K, reserved 1067008K
  class space    used 2457K, capacity 2623K, committed 2688K, reserved 1048576K
Event: 14.023 GC heap after
Heap after GC invocations=10 (full 1):
 PSYoungGen      total 141312K, used 0K [0x00000000d6000000, 0x00000000e6c80000, 0x0000000100000000)
  eden space 130048K, 0% used [0x00000000d6000000,0x00000000d6000000,0x00000000ddf00000)
  from space 11264K, 0% used [0x00000000ddf00000,0x00000000ddf00000,0x00000000dea00000)
  to   space 33280K, 0% used [0x00000000e4c00000,0x00000000e4c00000,0x00000000e6c80000)
 ParOldGen       total 99328K, used 36215K [0x0000000082000000, 0x0000000088100000, 0x00000000d6000000)
  object space 99328K, 36% used [0x0000000082000000,0x000000008435de40,0x0000000088100000)
 Metaspace       used 20157K, capacity 20802K, committed 21120K, reserved 1067008K
  class space    used 2457K, capacity 2623K, committed 2688K, reserved 1048576K
}
Event: 15.413 GC heap before
{Heap before GC invocations=11 (full 1):
 PSYoungGen      total 141312K, used 130048K [0x00000000d6000000, 0x00000000e6c80000, 0x0000000100000000)
  eden space 130048K, 100% used [0x00000000d6000000,0x00000000ddf00000,0x00000000ddf00000)
  from space 11264K, 0% used [0x00000000ddf00000,0x00000000ddf00000,0x00000000dea00000)
  to   space 33280K, 0% used [0x00000000e4c00000,0x00000000e4c00000,0x00000000e6c80000)
 ParOldGen       total 99328K, used 36215K [0x0000000082000000, 0x0000000088100000, 0x00000000d6000000)
  object space 99328K, 36% used [0x0000000082000000,0x000000008435de40,0x0000000088100000)
 Metaspace       used 20157K, capacity 20802K, committed 21120K, reserved 1067008K
  class space    used 2457K, capacity 2623K, committed 2688K, reserved 1048576K
Event: 15.433 GC heap after
Heap after GC invocations=11 (full 1):
 PSYoungGen      total 207872K, used 18828K [0x00000000d6000000, 0x00000000e5e80000, 0x0000000100000000)
  eden space 188928K, 0% used [0x00000000d6000000,0x00000000d6000000,0x00000000e1880000)
  from space 18944K, 99% used [0x00000000e4c00000,0x00000000e5e631b8,0x00000000e5e80000)
  to   space 32768K, 0% used [0x00000000e1e80000,0x00000000e1e80000,0x00000000e3e80000)
 ParOldGen       total 99328K, used 36215K [0x0000000082000000, 0x0000000088100000, 0x00000000d6000000)
  object space 99328K, 36% used [0x0000000082000000,0x000000008435de40,0x0000000088100000)
 Metaspace       used 20157K, capacity 20802K, committed 21120K, reserved 1067008K
  class space    used 2457K, capacity 2623K, committed 2688K, reserved 1048576K
}
Event: 17.105 GC heap before
{Heap before GC invocations=12 (full 1):
 PSYoungGen      total 207872K, used 207756K [0x00000000d6000000, 0x00000000e5e80000, 0x0000000100000000)
  eden space 188928K, 100% used [0x00000000d6000000,0x00000000e1880000,0x00000000e1880000)
  from space 18944K, 99% used [0x00000000e4c00000,0x00000000e5e631b8,0x00000000e5e80000)
  to   space 32768K, 0% used [0x00000000e1e80000,0x00000000e1e80000,0x00000000e3e80000)
 ParOldGen       total 99328K, used 36215K [0x0000000082000000, 0x0000000088100000, 0x00000000d6000000)
  object space 99328K, 36% used [0x0000000082000000,0x000000008435de40,0x0000000088100000)
 Metaspace       used 20166K, capacity 20808K, committed 21120K, reserved 1067008K
  class space    used 2463K, capacity 2624K, committed 2688K, reserved 1048576K
Event: 17.134 GC heap after
Heap after GC invocations=12 (full 1):
 PSYoungGen      total 221696K, used 24550K [0x00000000d6000000, 0x00000000e5e80000, 0x0000000100000000)
  eden space 188928K, 0% used [0x00000000d6000000,0x00000000d6000000,0x00000000e1880000)
  from space 32768K, 74% used [0x00000000e1e80000,0x00000000e3679840,0x00000000e3e80000)
  to   space 18944K, 0% used [0x00000000e4c00000,0x00000000e4c00000,0x00000000e5e80000)
 ParOldGen       total 99328K, used 38573K [0x0000000082000000, 0x0000000088100000, 0x00000000d6000000)
  object space 99328K, 38% used [0x0000000082000000,0x00000000845ab7c8,0x0000000088100000)
 Metaspace       used 20166K, capacity 20808K, committed 21120K, reserved 1067008K
  class space    used 2463K, capacity 2624K, committed 2688K, reserved 1048576K
}
Event: 19.396 GC heap before
{Heap before GC invocations=13 (full 1):
 PSYoungGen      total 221696K, used 213478K [0x00000000d6000000, 0x00000000e5e80000, 0x0000000100000000)
  eden space 188928K, 100% used [0x00000000d6000000,0x00000000e1880000,0x00000000e1880000)
  from space 32768K, 74% used [0x00000000e1e80000,0x00000000e3679840,0x00000000e3e80000)
  to   space 18944K, 0% used [0x00000000e4c00000,0x00000000e4c00000,0x00000000e5e80000)
 ParOldGen       total 99328K, used 38573K [0x0000000082000000, 0x0000000088100000, 0x00000000d6000000)
  object space 99328K, 38% used [0x0000000082000000,0x00000000845ab7c8,0x0000000088100000)
 Metaspace       used 22878K, capacity 23792K, committed 24064K, reserved 1071104K
  class space    used 2835K, capacity 3050K, committed 3072K, reserved 1048576K
Event: 19.417 GC heap after
Heap after GC invocations=13 (full 1):
 PSYoungGen      total 207872K, used 18920K [0x00000000d6000000, 0x00000000e5e80000, 0x0000000100000000)
  eden space 188928K, 0% used [0x00000000d6000000,0x00000000d6000000,0x00000000e1880000)
  from space 18944K, 99% used [0x00000000e4c00000,0x00000000e5e7a390,0x00000000e5e80000)
  to   space 32768K, 0% used [0x00000000e1e80000,0x00000000e1e80000,0x00000000e3e80000)
 ParOldGen       total 99328K, used 44692K [0x0000000082000000, 0x0000000088100000, 0x00000000d6000000)
  object space 99328K, 44% used [0x0000000082000000,0x0000000084ba5368,0x0000000088100000)
 Metaspace       used 22878K, capacity 23792K, committed 24064K, reserved 1071104K
  class space    used 2835K, capacity 3050K, committed 3072K, reserved 1048576K
}

